TN:
SF:src/index.ts
FN:36,(anonymous_1)
FN:48,(anonymous_2)
FN:55,(anonymous_3)
FNF:3
FNH:1
FNDA:1,(anonymous_1)
FNDA:0,(anonymous_2)
FNDA:0,(anonymous_3)
DA:1,3
DA:2,3
DA:3,3
DA:4,3
DA:5,3
DA:6,3
DA:7,3
DA:8,3
DA:9,3
DA:10,3
DA:12,3
DA:13,3
DA:16,3
DA:17,3
DA:23,3
DA:26,3
DA:29,3
DA:30,3
DA:33,3
DA:36,3
DA:37,1
DA:41,3
DA:42,3
DA:45,3
DA:48,3
DA:49,0
DA:50,0
DA:51,0
DA:52,0
DA:55,0
DA:56,0
DA:57,0
DA:58,0
DA:62,0
DA:63,0
DA:65,0
DA:70,3
DA:71,0
DA:74,3
LF:39
LH:27
BRDA:13,0,0,3
BRDA:13,0,1,3
BRDA:18,1,0,3
BRDA:18,1,1,3
BRDA:51,2,0,0
BRDA:51,2,1,0
BRDA:56,3,0,0
BRDA:56,3,1,0
BRDA:62,4,0,0
BRDA:62,4,1,0
BRDA:70,5,0,0
BRDA:70,5,1,3
BRF:12
BRH:5
end_of_record
TN:
SF:src/controllers/authController.ts
FN:8,(anonymous_1)
FN:46,(anonymous_2)
FN:80,(anonymous_3)
FNF:3
FNH:3
FNDA:37,(anonymous_1)
FNDA:6,(anonymous_2)
FNDA:1,(anonymous_3)
DA:2,3
DA:3,3
DA:4,3
DA:5,3
DA:6,3
DA:8,3
DA:10,37
DA:11,34
DA:14,34
DA:15,34
DA:16,1
DA:20,33
DA:21,33
DA:24,33
DA:30,33
DA:32,33
DA:46,3
DA:48,6
DA:49,5
DA:52,5
DA:53,5
DA:54,2
DA:58,3
DA:59,3
DA:60,1
DA:64,2
DA:66,2
DA:80,3
DA:81,1
DA:83,1
DA:84,0
DA:87,1
DA:89,1
LF:33
LH:32
BRDA:15,0,0,1
BRDA:15,0,1,33
BRDA:53,1,0,2
BRDA:53,1,1,3
BRDA:59,2,0,1
BRDA:59,2,1,2
BRDA:83,3,0,0
BRDA:83,3,1,1
BRF:8
BRH:7
end_of_record
TN:
SF:src/controllers/generationsController.ts
FN:17,(anonymous_1)
FN:18,(anonymous_2)
FN:23,(anonymous_3)
FN:42,(anonymous_4)
FN:91,(anonymous_5)
FN:116,(anonymous_6)
FN:128,(anonymous_7)
FN:147,(anonymous_8)
FNF:8
FNH:8
FNDA:48,(anonymous_1)
FNDA:48,(anonymous_2)
FNDA:48,(anonymous_3)
FNDA:55,(anonymous_4)
FNDA:48,(anonymous_5)
FNDA:3,(anonymous_6)
FNDA:8,(anonymous_7)
FNDA:36,(anonymous_8)
DA:2,3
DA:3,3
DA:4,3
DA:5,3
DA:7,3
DA:14,3
DA:17,3
DA:18,48
DA:20,48
DA:21,48
DA:23,48
DA:25,48
DA:26,48
DA:28,48
DA:29,4
DA:33,44
DA:42,3
DA:43,55
DA:44,55
DA:45,0
DA:49,55
DA:50,50
DA:53,50
DA:54,50
DA:55,2
DA:58,48
DA:59,48
DA:60,0
DA:64,48
DA:65,48
DA:74,48
DA:76,48
DA:91,3
DA:92,48
DA:93,48
DA:95,48
DA:97,44
DA:98,44
DA:100,44
DA:102,4
DA:106,16
DA:107,0
DA:110,16
DA:111,0
DA:116,3
DA:117,3
DA:118,3
DA:119,0
DA:122,3
DA:123,3
DA:125,3
DA:128,8
DA:138,3
DA:147,3
DA:148,36
DA:149,36
DA:150,0
DA:153,36
DA:154,36
DA:157,33
DA:158,1
DA:162,32
DA:172,32
LF:63
LH:57
BRDA:21,0,0,48
BRDA:21,0,1,0
BRDA:25,1,0,48
BRDA:25,1,1,0
BRDA:28,2,0,4
BRDA:28,2,1,44
BRDA:44,3,0,0
BRDA:44,3,1,55
BRDA:54,4,0,2
BRDA:54,4,1,48
BRDA:59,5,0,0
BRDA:59,5,1,48
BRDA:95,6,0,44
BRDA:95,6,1,4
BRDA:95,7,0,48
BRDA:95,7,1,44
BRDA:106,8,0,0
BRDA:106,8,1,16
BRDA:110,9,0,0
BRDA:110,9,1,16
BRDA:118,10,0,0
BRDA:118,10,1,3
BRDA:133,11,0,8
BRDA:133,11,1,0
BRDA:134,12,0,0
BRDA:134,12,1,8
BRDA:149,13,0,0
BRDA:149,13,1,36
BRDA:157,14,0,1
BRDA:157,14,1,32
BRDA:167,15,0,32
BRDA:167,15,1,0
BRDA:168,16,0,29
BRDA:168,16,1,3
BRF:34
BRH:23
end_of_record
TN:
SF:src/middleware/auth.ts
FN:15,(anonymous_1)
FN:48,(anonymous_2)
FNF:2
FNH:2
FNDA:111,(anonymous_1)
FNDA:35,(anonymous_2)
DA:2,3
DA:3,3
DA:4,3
DA:6,3
DA:15,3
DA:20,111
DA:21,111
DA:22,111
DA:24,111
DA:25,6
DA:28,105
DA:31,101
DA:33,97
DA:38,97
DA:40,14
DA:41,3
DA:43,11
DA:48,3
DA:49,35
LF:19
LH:19
BRDA:6,0,0,3
BRDA:6,0,1,0
BRDA:22,1,0,111
BRDA:22,1,1,105
BRDA:24,2,0,6
BRDA:24,2,1,105
BRDA:40,3,0,3
BRDA:40,3,1,11
BRF:8
BRH:7
end_of_record
TN:
SF:src/middleware/errorHandler.ts
FN:12,(anonymous_0)
FN:21,(anonymous_1)
FN:90,(anonymous_2)
FN:90,(anonymous_3)
FNF:4
FNH:4
FNDA:16,(anonymous_0)
FNDA:36,(anonymous_1)
FNDA:18,(anonymous_2)
FNDA:138,(anonymous_3)
DA:8,3
DA:13,16
DA:14,16
DA:15,16
DA:17,16
DA:21,3
DA:27,36
DA:28,36
DA:31,36
DA:32,9
DA:33,9
DA:34,9
DA:35,9
DA:37,0
DA:42,36
DA:43,0
DA:44,0
DA:47,36
DA:48,0
DA:49,0
DA:53,36
DA:54,7
DA:58,36
DA:59,0
DA:60,0
DA:63,36
DA:64,1
DA:65,1
DA:69,36
DA:70,0
DA:81,36
DA:90,18
DA:91,138
LF:33
LH:25
BRDA:27,0,0,36
BRDA:27,0,1,19
BRDA:31,1,0,9
BRDA:31,1,1,27
BRDA:34,2,0,9
BRDA:34,2,1,0
BRDA:34,3,0,9
BRDA:34,3,1,9
BRDA:42,4,0,0
BRDA:42,4,1,36
BRDA:47,5,0,0
BRDA:47,5,1,36
BRDA:53,6,0,7
BRDA:53,6,1,29
BRDA:53,7,0,36
BRDA:53,7,1,29
BRDA:58,8,0,0
BRDA:58,8,1,36
BRDA:63,9,0,1
BRDA:63,9,1,35
BRDA:69,10,0,0
BRDA:69,10,1,36
BRDA:83,11,0,2
BRDA:83,11,1,34
BRDA:84,12,0,36
BRDA:84,12,1,0
BRF:26
BRH:20
end_of_record
TN:
SF:src/middleware/rateLimiter.ts
FN:14,(anonymous_0)
FN:25,(anonymous_1)
FNF:2
FNH:1
FNDA:156,(anonymous_0)
FNDA:0,(anonymous_1)
DA:10,3
DA:11,3
DA:12,3
DA:14,3
DA:16,156
DA:17,156
DA:18,156
DA:21,0
DA:22,0
DA:25,0
DA:26,0
DA:27,0
DA:32,0
DA:33,0
DA:38,0
DA:41,0
DA:44,0
DA:51,0
DA:52,0
DA:57,0
DA:60,0
LF:21
LH:7
BRDA:16,0,0,156
BRDA:16,0,1,0
BRDA:21,1,0,0
BRDA:21,1,1,0
BRDA:21,1,2,0
BRDA:26,2,0,0
BRDA:26,2,1,0
BRDA:32,3,0,0
BRDA:32,3,1,0
BRDA:32,4,0,0
BRDA:32,4,1,0
BRDA:51,5,0,0
BRDA:51,5,1,0
BRF:13
BRH:1
end_of_record
TN:
SF:src/middleware/upload.ts
FN:14,(anonymous_1)
FN:17,(anonymous_2)
FN:23,(anonymous_3)
FNF:3
FNH:3
FNDA:54,(anonymous_1)
FNDA:54,(anonymous_2)
FNDA:55,(anonymous_3)
DA:1,3
DA:2,3
DA:3,3
DA:4,3
DA:8,3
DA:9,3
DA:10,0
DA:13,3
DA:15,54
DA:18,54
DA:19,54
DA:23,3
DA:24,55
DA:26,55
DA:27,54
DA:29,1
DA:33,3
LF:17
LH:16
BRDA:9,0,0,0
BRDA:9,0,1,3
BRDA:26,1,0,54
BRDA:26,1,1,1
BRF:4
BRH:3
end_of_record
TN:
SF:src/models/Generation.ts
FN:23,(anonymous_0)
FN:26,(anonymous_1)
FN:38,(anonymous_2)
FN:54,(anonymous_3)
FN:57,(anonymous_4)
FN:61,(anonymous_5)
FN:76,(anonymous_6)
FN:79,(anonymous_7)
FN:83,(anonymous_8)
FN:94,(anonymous_9)
FN:97,(anonymous_10)
FN:104,(anonymous_11)
FN:125,(anonymous_12)
FN:128,(anonymous_13)
FN:129,(anonymous_14)
FNF:15
FNH:12
FNDA:48,(anonymous_0)
FNDA:48,(anonymous_1)
FNDA:48,(anonymous_2)
FNDA:116,(anonymous_3)
FNDA:116,(anonymous_4)
FNDA:116,(anonymous_5)
FNDA:3,(anonymous_6)
FNDA:3,(anonymous_7)
FNDA:3,(anonymous_8)
FNDA:48,(anonymous_9)
FNDA:48,(anonymous_10)
FNDA:48,(anonymous_11)
FNDA:0,(anonymous_12)
FNDA:0,(anonymous_13)
FNDA:0,(anonymous_14)
DA:1,3
DA:22,3
DA:24,48
DA:26,48
DA:27,48
DA:32,48
DA:39,48
DA:40,0
DA:41,0
DA:45,48
DA:50,48
DA:55,116
DA:57,116
DA:58,116
DA:62,116
DA:63,0
DA:64,0
DA:66,116
DA:67,3
DA:68,3
DA:70,113
DA:77,3
DA:79,3
DA:80,3
DA:84,3
DA:85,0
DA:86,0
DA:88,3
DA:95,48
DA:97,48
DA:98,48
DA:104,48
DA:105,48
DA:106,0
DA:107,0
DA:110,48
DA:111,16
DA:112,16
DA:116,32
DA:121,48
DA:126,0
DA:128,0
DA:129,0
DA:130,0
DA:131,0
DA:132,0
DA:135,0
DA:136,0
DA:137,0
DA:140,0
LF:50
LH:32
BRDA:37,0,0,48
BRDA:37,0,1,0
BRDA:39,1,0,0
BRDA:39,1,1,48
BRDA:62,2,0,0
BRDA:62,2,1,116
BRDA:66,3,0,3
BRDA:66,3,1,113
BRDA:76,4,0,0
BRDA:84,5,0,0
BRDA:84,5,1,3
BRDA:88,6,0,3
BRDA:88,6,1,0
BRDA:104,7,0,48
BRDA:104,7,1,4
BRDA:105,8,0,0
BRDA:105,8,1,48
BRDA:110,9,0,16
BRDA:110,9,1,32
BRDA:130,10,0,0
BRDA:130,10,1,0
BRDA:135,11,0,0
BRDA:135,11,1,0
BRF:23
BRH:12
end_of_record
TN:
SF:src/models/User.ts
FN:16,(anonymous_0)
FN:19,(anonymous_1)
FN:22,(anonymous_2)
FN:38,(anonymous_3)
FN:41,(anonymous_4)
FN:45,(anonymous_5)
FN:56,(anonymous_6)
FN:59,(anonymous_7)
FN:63,(anonymous_8)
FN:78,(anonymous_9)
FNF:10
FNH:9
FNDA:34,(anonymous_0)
FNDA:34,(anonymous_1)
FNDA:34,(anonymous_2)
FNDA:39,(anonymous_3)
FNDA:39,(anonymous_4)
FNDA:39,(anonymous_5)
FNDA:135,(anonymous_6)
FNDA:135,(anonymous_7)
FNDA:135,(anonymous_8)
FNDA:0,(anonymous_9)
DA:1,3
DA:15,3
DA:17,34
DA:19,34
DA:20,34
DA:22,34
DA:23,34
DA:24,1
DA:25,1
DA:29,33
DA:34,34
DA:39,39
DA:41,39
DA:42,39
DA:46,39
DA:47,0
DA:48,0
DA:50,39
DA:57,135
DA:59,135
DA:60,135
DA:64,135
DA:65,0
DA:66,0
DA:68,135
DA:69,4
DA:70,4
DA:72,131
DA:79,0
DA:80,0
LF:30
LH:24
BRDA:23,0,0,1
BRDA:23,0,1,33
BRDA:46,1,0,0
BRDA:46,1,1,39
BRDA:50,2,0,39
BRDA:50,2,1,35
BRDA:64,3,0,0
BRDA:64,3,1,135
BRDA:68,4,0,4
BRDA:68,4,1,131
BRF:10
BRH:8
end_of_record
TN:
SF:src/models/database.ts
FN:7,(anonymous_1)
FN:8,(anonymous_2)
FN:9,(anonymous_3)
FN:21,(anonymous_4)
FN:27,(anonymous_5)
FN:28,(anonymous_6)
FN:52,(anonymous_7)
FN:53,(anonymous_8)
FN:60,(anonymous_9)
FN:71,(anonymous_10)
FN:78,(anonymous_11)
FN:79,(anonymous_12)
FN:85,(anonymous_13)
FNF:13
FNH:13
FNDA:3,(anonymous_1)
FNDA:3,(anonymous_2)
FNDA:3,(anonymous_3)
FNDA:3,(anonymous_4)
FNDA:3,(anonymous_5)
FNDA:3,(anonymous_6)
FNDA:3,(anonymous_7)
FNDA:3,(anonymous_8)
FNDA:3,(anonymous_9)
FNDA:469,(anonymous_10)
FNDA:3,(anonymous_11)
FNDA:3,(anonymous_12)
FNDA:3,(anonymous_13)
DA:1,3
DA:2,3
DA:4,3
DA:7,3
DA:8,3
DA:9,3
DA:10,3
DA:11,0
DA:12,0
DA:13,0
DA:15,3
DA:16,0
DA:20,3
DA:21,3
DA:27,3
DA:28,3
DA:29,3
DA:38,3
DA:52,3
DA:53,3
DA:54,3
DA:55,0
DA:56,0
DA:60,3
DA:61,3
DA:62,0
DA:63,0
DA:65,3
DA:71,3
DA:72,469
DA:73,0
DA:75,469
DA:78,3
DA:79,3
DA:80,3
DA:81,0
DA:82,0
DA:85,3
DA:86,3
DA:87,0
DA:88,0
DA:90,3
DA:91,0
DA:93,3
LF:44
LH:30
BRDA:10,0,0,0
BRDA:10,0,1,3
BRDA:15,1,0,0
BRDA:15,1,1,3
BRDA:54,2,0,0
BRDA:54,2,1,3
BRDA:61,3,0,0
BRDA:61,3,1,3
BRDA:72,4,0,0
BRDA:72,4,1,469
BRDA:80,5,0,0
BRDA:80,5,1,3
BRDA:86,6,0,0
BRDA:86,6,1,3
BRDA:90,7,0,0
BRDA:90,7,1,3
BRF:16
BRH:8
end_of_record
TN:
SF:src/routes/auth.ts
FNF:0
FNH:0
DA:1,3
DA:2,3
DA:3,3
DA:5,3
DA:12,3
DA:19,3
DA:26,3
DA:28,3
LF:8
LH:8
BRF:0
BRH:0
end_of_record
TN:
SF:src/routes/generations.ts
FNF:0
FNH:0
DA:1,3
DA:2,3
DA:3,3
DA:4,3
DA:6,3
DA:9,3
DA:16,3
DA:23,3
DA:30,3
DA:32,3
LF:10
LH:10
BRF:0
BRH:0
end_of_record
TN:
SF:src/utils/validation.ts
FN:23,(anonymous_0)
FN:31,(anonymous_1)
FNF:2
FNH:2
FNDA:3,(anonymous_0)
FNDA:51,(anonymous_1)
DA:1,3
DA:4,3
DA:9,3
DA:15,3
DA:22,3
DA:24,3
DA:25,2
DA:26,2
DA:31,3
DA:32,51
DA:33,51
DA:35,51
DA:36,1
DA:39,50
DA:40,1
DA:43,49
LF:16
LH:16
BRDA:24,0,0,1
BRDA:24,0,1,2
BRDA:26,1,0,1
BRDA:26,1,1,1
BRDA:35,2,0,1
BRDA:35,2,1,50
BRDA:39,3,0,1
BRDA:39,3,1,49
BRF:8
BRH:8
end_of_record
